f:\информатика\c++\консультация\time\проект1\проект1\debug\vc120.pdb
f:\информатика\c++\консультация\time\проект1\проект1\debug\vc120.idb
f:\информатика\c++\консультация\time\проект1\проект1\debug\main.obj
f:\информатика\c++\консультация\time\проект1\проект1\debug\time.obj
f:\информатика\c++\консультация\time\проект1\debug\проект1.ilk
f:\информатика\c++\консультация\time\проект1\debug\проект1.exe
f:\информатика\c++\консультация\time\проект1\debug\проект1.pdb
z:\!информатика_2023\семинары\семинар 2\студентам\time\проект1\проект1\debug\main.obj
z:\!информатика_2023\семинары\семинар 2\студентам\time\проект1\проект1\debug\time.obj
z:\!информатика_2023\семинары\семинар 2\студентам\time\проект1\проект1\debug\vc120.idb
z:\!информатика_2023\семинары\семинар 2\студентам\time\проект1\проект1\debug\vc120.pdb
z:\!информатика_2023\семинары\семинар 2\студентам\time\проект1\debug\проект1.pdb
z:\!информатика_2023\семинары\семинар 2\студентам\time\проект1\debug\проект1.exe
z:\!информатика_2023\семинары\семинар 2\студентам\time\проект1\debug\проект1.ilk
z:\!информатика_2023\семинары\семинар 2\студентам\time\проект1\проект1\debug\проект1.tlog\cl.command.1.tlog
z:\!информатика_2023\семинары\семинар 2\студентам\time\проект1\проект1\debug\проект1.tlog\cl.read.1.tlog
z:\!информатика_2023\семинары\семинар 2\студентам\time\проект1\проект1\debug\проект1.tlog\cl.write.1.tlog
z:\!информатика_2023\семинары\семинар 2\студентам\time\проект1\проект1\debug\проект1.tlog\link.command.1.tlog
z:\!информатика_2023\семинары\семинар 2\студентам\time\проект1\проект1\debug\проект1.tlog\link.read.1.tlog
z:\!информатика_2023\семинары\семинар 2\студентам\time\проект1\проект1\debug\проект1.tlog\link.write.1.tlog
